<?xml version="1.0" encoding="UTF-8"?>
<testng-results skipped="0" failed="0" ignored="0" total="2" passed="2">
  <reporter-output>
  </reporter-output>
  <suite name="Suite" duration-ms="44287" started-at="2018-11-21T00:42:51Z" finished-at="2018-11-21T00:43:35Z">
    <groups>
    </groups>
    <test name="Test" duration-ms="44287" started-at="2018-11-21T00:42:51Z" finished-at="2018-11-21T00:43:35Z">
      <class name="com.anass.orangehrm.tests.NewTest3">
        <test-method status="PASS" signature="driversetup()[pri:0, instance:com.anass.orangehrm.tests.NewTest3@55f3ddb1]" name="driversetup" is-config="true" duration-ms="5370" started-at="2018-11-20T19:42:51Z" finished-at="2018-11-20T19:42:56Z">
          <reporter-output>
          </reporter-output>
        </test-method> <!-- driversetup -->
        <test-method status="PASS" signature="login1()[pri:0, instance:com.anass.orangehrm.tests.NewTest3@55f3ddb1]" name="login1" duration-ms="17528" started-at="2018-11-20T19:42:56Z" finished-at="2018-11-20T19:43:14Z">
          <reporter-output>
          </reporter-output>
        </test-method> <!-- login1 -->
        <test-method status="PASS" signature="teardown()[pri:0, instance:com.anass.orangehrm.tests.NewTest3@55f3ddb1]" name="teardown" is-config="true" duration-ms="254" started-at="2018-11-20T19:43:14Z" finished-at="2018-11-20T19:43:14Z">
          <reporter-output>
          </reporter-output>
        </test-method> <!-- teardown -->
        <test-method status="PASS" signature="driversetup()[pri:0, instance:com.anass.orangehrm.tests.NewTest3@55f3ddb1]" name="driversetup" is-config="true" duration-ms="4199" started-at="2018-11-20T19:43:14Z" finished-at="2018-11-20T19:43:18Z">
          <reporter-output>
          </reporter-output>
        </test-method> <!-- driversetup -->
        <test-method status="PASS" signature="validlogin()[pri:0, instance:com.anass.orangehrm.tests.NewTest3@55f3ddb1]" name="validlogin" duration-ms="16606" started-at="2018-11-20T19:43:18Z" finished-at="2018-11-20T19:43:35Z">
          <reporter-output>
          </reporter-output>
        </test-method> <!-- validlogin -->
        <test-method status="PASS" signature="teardown()[pri:0, instance:com.anass.orangehrm.tests.NewTest3@55f3ddb1]" name="teardown" is-config="true" duration-ms="301" started-at="2018-11-20T19:43:35Z" finished-at="2018-11-20T19:43:35Z">
          <reporter-output>
          </reporter-output>
        </test-method> <!-- teardown -->
      </class> <!-- com.anass.orangehrm.tests.NewTest3 -->
    </test> <!-- Test -->
  </suite> <!-- Suite -->
</testng-results>
