<?xml version="1.0" encoding="UTF-8"?>
<!-- Generated by org.testng.reporters.JUnitXMLReporter -->
<testsuite hostname="DESKTOP-T58FSLV" ignored="0" name="Invalid login Test" tests="3" failures="0" timestamp="04 Dec 2018 16:21:26 GMT" time="21.104" errors="0">
  <testcase name="InValidLogin1" time="1.174" classname="orangehrm1.InvalidLoginTest"/>
  <testcase name="PasswordEmpty" time="1.023" classname="orangehrm1.InvalidLoginTest"/>
  <testcase name="UserNameEmpty" time="0.606" classname="orangehrm1.InvalidLoginTest"/>
</testsuite> <!-- Invalid login Test -->
