<?xml version="1.0" encoding="UTF-8"?>
<!-- Generated by org.testng.reporters.JUnitXMLReporter -->
<testsuite hostname="DESKTOP-T58FSLV" ignored="0" name="Test for login" tests="6" failures="0" timestamp="21 Nov 2018 05:04:16 GMT" time="74.222" errors="0">
  <testcase name="InValidLogin1" time="6.754" classname="com.anass.orangehrm.tests.NewTestdata1"/>
  <testcase name="InValidLogin1" time="6.701" classname="com.anass.orangehrm.tests.NewTestdata1"/>
  <testcase name="InValidLogin1" time="6.68" classname="com.anass.orangehrm.tests.NewTestdata1"/>
  <testcase name="ValidLogin" time="8.272" classname="com.anass.orangehrm.tests.NewTestdata1"/>
  <testcase name="ValidLogin" time="7.524" classname="com.anass.orangehrm.tests.NewTestdata1"/>
  <testcase name="ValidLogin" time="7.585" classname="com.anass.orangehrm.tests.NewTestdata1"/>
</testsuite> <!-- Test for login -->
