<?xml version="1.0" encoding="UTF-8"?>
<!-- Generated by org.testng.reporters.JUnitXMLReporter -->
<testsuite hostname="DESKTOP-T58FSLV" ignored="0" name="Test" tests="3" failures="0" timestamp="21 Nov 2018 04:41:42 GMT" time="41.394" errors="0">
  <testcase name="ValidLogin1" time="6.751" classname="com.anass.orangehrm.tests.NewTestdata"/>
  <testcase name="ValidLogin1" time="6.898" classname="com.anass.orangehrm.tests.NewTestdata"/>
  <testcase name="ValidLogin1" time="11.621" classname="com.anass.orangehrm.tests.NewTestdata"/>
</testsuite> <!-- Test -->
